<?xml version="1.0" encoding="UTF-8"?>
<!-- Generated by org.testng.reporters.JUnitXMLReporter -->
<testsuite hostname="Syamantak-PC" name="HomePageValidation" tests="1" failures="1" timestamp="20 Jun 2020 15:17:34 GMT" time="37.607" errors="0">
  <testcase name="txtvalidation" time="1.371" classname="Xen.E2E.HomePageNavigationTest">
    <failure type="java.lang.AssertionError" message="expected [FEATURED COURSES123] but found [FEATURED COURSES]">
      <![CDATA[java.lang.AssertionError: expected [FEATURED COURSES123] but found [FEATURED COURSES]
	at Xen.E2E.HomePageNavigationTest.txtvalidation(HomePageNavigationTest.java:45)
... Removed 29 stack frames]]>
    </failure>
  </testcase> <!-- txtvalidation -->
</testsuite> <!-- HomePageValidation -->
