<?xml version="1.0" encoding="UTF-8"?>
<!-- Generated by org.testng.reporters.JUnitXMLReporter -->
<testsuite hostname="Syamantak-PC" name="Test" tests="3" failures="0" timestamp="18 Jun 2020 07:25:30 GMT" time="54.51" errors="0">
  <testcase name="txtvalidation" time="0.095" classname="Xen.E2E.HomePageNavigationTest"/>
  <testcase name="landingPage" time="10.087" classname="Xen.E2E.LoginTest"/>
  <testcase name="landingPage" time="9.402" classname="Xen.E2E.LoginTest"/>
</testsuite> <!-- Test -->
