<?xml version="1.0" encoding="UTF-8"?>
<testsuite xmlns:xsi="http://www.w3.org/2001/XMLSchema-instance" xsi:noNamespaceSchemaLocation="https://maven.apache.org/surefire/maven-surefire-plugin/xsd/surefire-test-report-3.0.xsd" version="3.0" name="TestSuite" time="253.632" tests="3" errors="0" skipped="0" failures="3">
  <properties>
[...]
</properties>
  <testcase name="txtvalidation" classname="Xen.E2E.HomePageNavigationTest" time="0.183">
    <failure message="expected [FEATURED COURSES123] but found [FEATURED COURSES]" type="java.lang.AssertionError"><![CDATA[java.lang.AssertionError: expected [FEATURED COURSES123] but found [FEATURED COURSES]
	at Xen.E2E.HomePageNavigationTest.txtvalidation(HomePageNavigationTest.java:45)
]]></failure>
    <system-err><![CDATA[ChromeDriver was started successfully.
Jun 26, 2020 2:31:37 PM org.openqa.selenium.remote.ProtocolHandshake createSession
INFO: Detected dialect: W3C
]]></system-err>
  </testcase>
  <testcase name="landingPage" classname="Xen.E2E.LoginTest" time="1.33">
    <failure message="element click intercepted: Element &lt;span&gt;...&lt;/span&gt; is not clickable at point (1257, 16). Other element would receive the click: &lt;div class=&quot;listbuilder-popup-content&quot;&gt;...&lt;/div&gt;&#10;  (Session info: chrome=83.0.4103.116)&#10;Build info: version: &apos;3.141.59&apos;, revision: &apos;e82be7d358&apos;, time: &apos;2018-11-14T08:17:03&apos;&#10;System info: host: &apos;SYAMANTAK-PC&apos;, ip: &apos;192.168.0.113&apos;, os.name: &apos;Windows 10&apos;, os.arch: &apos;amd64&apos;, os.version: &apos;10.0&apos;, java.version: &apos;1.8.0_131&apos;&#10;Driver info: org.openqa.selenium.chrome.ChromeDriver&#10;Capabilities {acceptInsecureCerts: false, browserName: chrome, browserVersion: 83.0.4103.116, chrome: {chromedriverVersion: 83.0.4103.39 (ccbf011cb2d2b..., userDataDir: C:\Users\SYAMAN~1\AppData\L...}, goog:chromeOptions: {debuggerAddress: localhost:51893}, javascriptEnabled: true, networkConnectionEnabled: false, pageLoadStrategy: normal, platform: WINDOWS, platformName: WINDOWS, proxy: Proxy(), setWindowRect: true, strictFileInteractability: false, timeouts: {implicit: 0, pageLoad: 300000, script: 30000}, unhandledPromptBehavior: dismiss and notify, webauthn:virtualAuthenticators: true}&#10;Session ID: a74a1fe9bb6f6c63c385ce2eb9c274dc" type="org.openqa.selenium.ElementClickInterceptedException"><![CDATA[org.openqa.selenium.ElementClickInterceptedException: 
element click intercepted: Element <span>...</span> is not clickable at point (1257, 16). Other element would receive the click: <div class="listbuilder-popup-content">...</div>
  (Session info: chrome=83.0.4103.116)
Build info: version: '3.141.59', revision: 'e82be7d358', time: '2018-11-14T08:17:03'
System info: host: 'SYAMANTAK-PC', ip: '192.168.0.113', os.name: 'Windows 10', os.arch: 'amd64', os.version: '10.0', java.version: '1.8.0_131'
Driver info: org.openqa.selenium.chrome.ChromeDriver
Capabilities {acceptInsecureCerts: false, browserName: chrome, browserVersion: 83.0.4103.116, chrome: {chromedriverVersion: 83.0.4103.39 (ccbf011cb2d2b..., userDataDir: C:\Users\SYAMAN~1\AppData\L...}, goog:chromeOptions: {debuggerAddress: localhost:51893}, javascriptEnabled: true, networkConnectionEnabled: false, pageLoadStrategy: normal, platform: WINDOWS, platformName: WINDOWS, proxy: Proxy(), setWindowRect: true, strictFileInteractability: false, timeouts: {implicit: 0, pageLoad: 300000, script: 30000}, unhandledPromptBehavior: dismiss and notify, webauthn:virtualAuthenticators: true}
Session ID: a74a1fe9bb6f6c63c385ce2eb9c274dc
	at Xen.E2E.LoginTest.landingPage(LoginTest.java:45)
]]></failure>
    <system-err><![CDATA[ChromeDriver was started successfully.
Jun 26, 2020 2:32:43 PM org.openqa.selenium.remote.ProtocolHandshake createSession
INFO: Detected dialect: W3C
]]></system-err>
  </testcase>
  <testcase name="landingPage" classname="Xen.E2E.LoginTest" time="1.231">
    <failure message="element click intercepted: Element &lt;span&gt;...&lt;/span&gt; is not clickable at point (1257, 16). Other element would receive the click: &lt;div class=&quot;listbuilder-popup-content&quot;&gt;...&lt;/div&gt;&#10;  (Session info: chrome=83.0.4103.116)&#10;Build info: version: &apos;3.141.59&apos;, revision: &apos;e82be7d358&apos;, time: &apos;2018-11-14T08:17:03&apos;&#10;System info: host: &apos;SYAMANTAK-PC&apos;, ip: &apos;192.168.0.113&apos;, os.name: &apos;Windows 10&apos;, os.arch: &apos;amd64&apos;, os.version: &apos;10.0&apos;, java.version: &apos;1.8.0_131&apos;&#10;Driver info: org.openqa.selenium.chrome.ChromeDriver&#10;Capabilities {acceptInsecureCerts: false, browserName: chrome, browserVersion: 83.0.4103.116, chrome: {chromedriverVersion: 83.0.4103.39 (ccbf011cb2d2b..., userDataDir: C:\Users\SYAMAN~1\AppData\L...}, goog:chromeOptions: {debuggerAddress: localhost:51986}, javascriptEnabled: true, networkConnectionEnabled: false, pageLoadStrategy: normal, platform: WINDOWS, platformName: WINDOWS, proxy: Proxy(), setWindowRect: true, strictFileInteractability: false, timeouts: {implicit: 0, pageLoad: 300000, script: 30000}, unhandledPromptBehavior: dismiss and notify, webauthn:virtualAuthenticators: true}&#10;Session ID: 4e1ae5c8a7e8ddee770cc1a662230c2d" type="org.openqa.selenium.ElementClickInterceptedException"><![CDATA[org.openqa.selenium.ElementClickInterceptedException: 
element click intercepted: Element <span>...</span> is not clickable at point (1257, 16). Other element would receive the click: <div class="listbuilder-popup-content">...</div>
  (Session info: chrome=83.0.4103.116)
Build info: version: '3.141.59', revision: 'e82be7d358', time: '2018-11-14T08:17:03'
System info: host: 'SYAMANTAK-PC', ip: '192.168.0.113', os.name: 'Windows 10', os.arch: 'amd64', os.version: '10.0', java.version: '1.8.0_131'
Driver info: org.openqa.selenium.chrome.ChromeDriver
Capabilities {acceptInsecureCerts: false, browserName: chrome, browserVersion: 83.0.4103.116, chrome: {chromedriverVersion: 83.0.4103.39 (ccbf011cb2d2b..., userDataDir: C:\Users\SYAMAN~1\AppData\L...}, goog:chromeOptions: {debuggerAddress: localhost:51986}, javascriptEnabled: true, networkConnectionEnabled: false, pageLoadStrategy: normal, platform: WINDOWS, platformName: WINDOWS, proxy: Proxy(), setWindowRect: true, strictFileInteractability: false, timeouts: {implicit: 0, pageLoad: 300000, script: 30000}, unhandledPromptBehavior: dismiss and notify, webauthn:virtualAuthenticators: true}
Session ID: 4e1ae5c8a7e8ddee770cc1a662230c2d
	at Xen.E2E.LoginTest.landingPage(LoginTest.java:45)
]]></failure>
    <system-err><![CDATA[ChromeDriver was started successfully.
Jun 26, 2020 2:34:58 PM org.openqa.selenium.remote.ProtocolHandshake createSession
INFO: Detected dialect: W3C
]]></system-err>
  </testcase>
</testsuite>